C:\doc\examples2 匹配提取类块成功 2018-8-13  9:30:50;
C:\doc\Makefile 匹配提取类块失败 2018-8-13  9:30:53;
C:\doc\examples1.h 匹配提取类块成功 2018-8-13  9:30:53;
C:\doc\doc.h\examples1.h 匹配提取类块成功 2018-8-13  9:30:54;
C:\doc\doc.h\ugxplotmanager.h 匹配提取类块成功 2018-8-13  9:30:55;
C:\doc\doc.h\examples2 匹配提取类块成功 2018-8-13  9:31:1;
C:\doc\doc.h\Makefile 匹配提取类块失败 2018-8-13  9:31:3;
C:\doc\ugxplotmanager\ugxplotmanager.md 匹配提取类块失败 2018-8-17  16:59:15;
C:\doc\ugxplotmanager\ugxplotmanager.h 匹配提取类块成功 2018-8-17  16:59:54;
C:\doc\examples1.h 匹配提取类块成功 2018-8-20  20:17:41;
C:\doc\examples2 匹配提取类块成功 2018-8-20  20:17:43;
C:\doc\Makefile 匹配提取类块失败 2018-8-20  20:17:45;
C:\doc\ugxplotmanager\ugxplotmanager.h 匹配提取类块成功 2018-8-20  20:18:51;
C:\doc\ugxplotmanager.h 匹配提取类块成功 2018-8-20  20:25:0;
C:\doc\ugxplotmanager.h 匹配提取类块成功 2018-8-20  20:27:9;
C:\doc\ugxplotmanager.h 匹配提取类块成功 2018-8-20  20:28:0;
C:\doc\ugxplotmanager.h 匹配提取类块成功 2018-8-20  20:55:9;
C:\doc\examples1.h 匹配提取类块成功 2018-8-20  21:2:6;
C:\doc\examples2 匹配提取类块成功 2018-8-20  21:2:24;
C:\doc\examples1.h 匹配提取类块成功 2018-8-20  21:10:54;
C:\doc\examples1.h 匹配提取类块成功 2018-8-20  21:17:7;
C:\doc\examples1.h 匹配提取类块成功 2018-8-21  9:41:22;
