C:\USERS\QIUKU1204\DOCUMENTS\VISUAL STUDIO 2010\PROJECTS\SOURCE_CODE_SCANNER_V3\RELEASE\SOURCE_CODE_SCANNER_V2.EXE
C:\Users\QIUKU1204\Documents\Visual Studio 2010\Projects\source_code_scanner_V3\Release\source_code_scanner_V2.exp
C:\Users\QIUKU1204\Documents\Visual Studio 2010\Projects\source_code_scanner_V3\Release\source_code_scanner_V2.lib
C:\Users\QIUKU1204\Documents\Visual Studio 2010\Projects\source_code_scanner_V3\Release\source_code_scanner_V2.pdb
C:\Users\QIUKU1204\Documents\Visual Studio 2010\Projects\source_code_scanner_V3\source_code_scanner_V2\Release\cl.command.1.tlog
C:\Users\QIUKU1204\Documents\Visual Studio 2010\Projects\source_code_scanner_V3\source_code_scanner_V2\Release\CL.read.1.tlog
C:\Users\QIUKU1204\Documents\Visual Studio 2010\Projects\source_code_scanner_V3\source_code_scanner_V2\Release\CL.write.1.tlog
C:\Users\QIUKU1204\Documents\Visual Studio 2010\Projects\source_code_scanner_V3\source_code_scanner_V2\Release\link.command.1.tlog
C:\Users\QIUKU1204\Documents\Visual Studio 2010\Projects\source_code_scanner_V3\source_code_scanner_V2\Release\link.read.1.tlog
C:\Users\QIUKU1204\Documents\Visual Studio 2010\Projects\source_code_scanner_V3\source_code_scanner_V2\Release\link.write.1.tlog
C:\Users\QIUKU1204\Documents\Visual Studio 2010\Projects\source_code_scanner_V3\source_code_scanner_V2\Release\link-cvtres.read.1.tlog
C:\Users\QIUKU1204\Documents\Visual Studio 2010\Projects\source_code_scanner_V3\source_code_scanner_V2\Release\link-cvtres.write.1.tlog
C:\Users\QIUKU1204\Documents\Visual Studio 2010\Projects\source_code_scanner_V3\source_code_scanner_V2\Release\mt.command.1.tlog
C:\Users\QIUKU1204\Documents\Visual Studio 2010\Projects\source_code_scanner_V3\source_code_scanner_V2\Release\mt.read.1.tlog
C:\Users\QIUKU1204\Documents\Visual Studio 2010\Projects\source_code_scanner_V3\source_code_scanner_V2\Release\mt.write.1.tlog
C:\Users\QIUKU1204\Documents\Visual Studio 2010\Projects\source_code_scanner_V3\source_code_scanner_V2\Release\rc.command.1.tlog
C:\Users\QIUKU1204\Documents\Visual Studio 2010\Projects\source_code_scanner_V3\source_code_scanner_V2\Release\rc.read.1.tlog
C:\Users\QIUKU1204\Documents\Visual Studio 2010\Projects\source_code_scanner_V3\source_code_scanner_V2\Release\rc.write.1.tlog
C:\Users\QIUKU1204\Documents\Visual Studio 2010\Projects\source_code_scanner_V3\source_code_scanner_V2\Release\source_code_scanner_V2.exe.intermediate.manifest
C:\USERS\QIUKU1204\DOCUMENTS\VISUAL STUDIO 2010\PROJECTS\SOURCE_CODE_SCANNER_V3\SOURCE_CODE_SCANNER_V2\RELEASE\SOURCE_CODE_SCANNER_V2.OBJ
C:\USERS\QIUKU1204\DOCUMENTS\VISUAL STUDIO 2010\PROJECTS\SOURCE_CODE_SCANNER_V3\SOURCE_CODE_SCANNER_V2\RELEASE\SOURCE_CODE_SCANNER_V2.PCH
C:\USERS\QIUKU1204\DOCUMENTS\VISUAL STUDIO 2010\PROJECTS\SOURCE_CODE_SCANNER_V3\SOURCE_CODE_SCANNER_V2\RELEASE\SOURCE_CODE_SCANNER_V2.RES
C:\Users\QIUKU1204\Documents\Visual Studio 2010\Projects\source_code_scanner_V3\source_code_scanner_V2\Release\source_code_scanner_V2.vcxprojResolveAssemblyReference.cache
C:\Users\QIUKU1204\Documents\Visual Studio 2010\Projects\source_code_scanner_V3\source_code_scanner_V2\Release\source_code_scanner_V2.write.1.tlog
C:\USERS\QIUKU1204\DOCUMENTS\VISUAL STUDIO 2010\PROJECTS\SOURCE_CODE_SCANNER_V3\SOURCE_CODE_SCANNER_V2\RELEASE\SOURCE_CODE_SCANNER_V2DLG.OBJ
C:\USERS\QIUKU1204\DOCUMENTS\VISUAL STUDIO 2010\PROJECTS\SOURCE_CODE_SCANNER_V3\SOURCE_CODE_SCANNER_V2\RELEASE\SRC_CODE_SCANNER.OBJ
C:\USERS\QIUKU1204\DOCUMENTS\VISUAL STUDIO 2010\PROJECTS\SOURCE_CODE_SCANNER_V3\SOURCE_CODE_SCANNER_V2\RELEASE\STDAFX.OBJ
C:\USERS\QIUKU1204\DOCUMENTS\VISUAL STUDIO 2010\PROJECTS\SOURCE_CODE_SCANNER_V3\SOURCE_CODE_SCANNER_V2\RELEASE\VC100.PDB
C:\USERS\QIUKU1204\DOCUMENTS\VISUAL STUDIO 2010\PROJECTS\SOURCE_CODE_SCANNER_V3\SOURCE_CODE_SCANNER_V2\RELEASE\WORD_API.OBJ
D:\我的文档\DOCUMENTS\VISUAL STUDIO 2010\PROJECTS\SOURCE_CODE_SCANNER_V3\RELEASE\SOURCE_CODE_SCANNER_V2.EXE
D:\我的文档\Documents\Visual Studio 2010\Projects\source_code_scanner_V3\Release\source_code_scanner_V2.exp
D:\我的文档\Documents\Visual Studio 2010\Projects\source_code_scanner_V3\Release\source_code_scanner_V2.lib
D:\我的文档\DOCUMENTS\VISUAL STUDIO 2010\PROJECTS\SOURCE_CODE_SCANNER_V3\RELEASE\SOURCE_CODE_SCANNER_V2.PDB
D:\我的文档\DOCUMENTS\VISUAL STUDIO 2010\PROJECTS\SOURCE_CODE_SCANNER_V3\SOURCE_CODE_SCANNER_V2\RELEASE\SOURCE_CODE_SCANNER_V2.EXE.INTERMEDIATE.MANIFEST
D:\我的文档\DOCUMENTS\VISUAL STUDIO 2010\PROJECTS\SOURCE_CODE_SCANNER_V3\SOURCE_CODE_SCANNER_V2\RELEASE\SOURCE_CODE_SCANNER_V2.OBJ
D:\我的文档\DOCUMENTS\VISUAL STUDIO 2010\PROJECTS\SOURCE_CODE_SCANNER_V3\SOURCE_CODE_SCANNER_V2\RELEASE\SOURCE_CODE_SCANNER_V2.PCH
D:\我的文档\DOCUMENTS\VISUAL STUDIO 2010\PROJECTS\SOURCE_CODE_SCANNER_V3\SOURCE_CODE_SCANNER_V2\RELEASE\SOURCE_CODE_SCANNER_V2.RES
D:\我的文档\DOCUMENTS\VISUAL STUDIO 2010\PROJECTS\SOURCE_CODE_SCANNER_V3\SOURCE_CODE_SCANNER_V2\RELEASE\SOURCE_CODE_SCANNER_V2DLG.OBJ
D:\我的文档\DOCUMENTS\VISUAL STUDIO 2010\PROJECTS\SOURCE_CODE_SCANNER_V3\SOURCE_CODE_SCANNER_V2\RELEASE\SRC_CODE_SCANNER.OBJ
D:\我的文档\DOCUMENTS\VISUAL STUDIO 2010\PROJECTS\SOURCE_CODE_SCANNER_V3\SOURCE_CODE_SCANNER_V2\RELEASE\STDAFX.OBJ
D:\我的文档\DOCUMENTS\VISUAL STUDIO 2010\PROJECTS\SOURCE_CODE_SCANNER_V3\SOURCE_CODE_SCANNER_V2\RELEASE\VC100.PDB
D:\我的文档\DOCUMENTS\VISUAL STUDIO 2010\PROJECTS\SOURCE_CODE_SCANNER_V3\SOURCE_CODE_SCANNER_V2\RELEASE\WORD_API.OBJ
