C:\USERS\QIUKU1204\DOCUMENTS\VISUAL STUDIO 2010\PROJECTS\SOURCE_CODE_SCANNER_V2\DEBUG\SOURCE_CODE_SCANNER_V2.EXE
C:\Users\QIUKU1204\documents\visual studio 2010\Projects\source_code_scanner_V2\Debug\source_code_scanner_V2.exp
C:\USERS\QIUKU1204\DOCUMENTS\VISUAL STUDIO 2010\PROJECTS\SOURCE_CODE_SCANNER_V2\DEBUG\SOURCE_CODE_SCANNER_V2.ILK
C:\Users\QIUKU1204\documents\visual studio 2010\Projects\source_code_scanner_V2\Debug\source_code_scanner_V2.lib
C:\USERS\QIUKU1204\DOCUMENTS\VISUAL STUDIO 2010\PROJECTS\SOURCE_CODE_SCANNER_V2\DEBUG\SOURCE_CODE_SCANNER_V2.PDB
C:\Users\QIUKU1204\documents\visual studio 2010\Projects\source_code_scanner_V2\source_code_scanner_V2\Debug\cl.command.1.tlog
C:\Users\QIUKU1204\documents\visual studio 2010\Projects\source_code_scanner_V2\source_code_scanner_V2\Debug\CL.read.1.tlog
C:\Users\QIUKU1204\documents\visual studio 2010\Projects\source_code_scanner_V2\source_code_scanner_V2\Debug\CL.write.1.tlog
C:\Users\QIUKU1204\documents\visual studio 2010\Projects\source_code_scanner_V2\source_code_scanner_V2\Debug\link.12720.read.1.tlog
C:\Users\QIUKU1204\documents\visual studio 2010\Projects\source_code_scanner_V2\source_code_scanner_V2\Debug\link.12720.write.1.tlog
C:\Users\QIUKU1204\documents\visual studio 2010\Projects\source_code_scanner_V2\source_code_scanner_V2\Debug\link.12720-cvtres.read.1.tlog
C:\Users\QIUKU1204\documents\visual studio 2010\Projects\source_code_scanner_V2\source_code_scanner_V2\Debug\link.12720-cvtres.write.1.tlog
C:\Users\QIUKU1204\documents\visual studio 2010\Projects\source_code_scanner_V2\source_code_scanner_V2\Debug\link.13936.read.1.tlog
C:\Users\QIUKU1204\documents\visual studio 2010\Projects\source_code_scanner_V2\source_code_scanner_V2\Debug\link.13936.write.1.tlog
C:\Users\QIUKU1204\documents\visual studio 2010\Projects\source_code_scanner_V2\source_code_scanner_V2\Debug\link.13936-cvtres.read.1.tlog
C:\Users\QIUKU1204\documents\visual studio 2010\Projects\source_code_scanner_V2\source_code_scanner_V2\Debug\link.13936-cvtres.write.1.tlog
C:\Users\QIUKU1204\documents\visual studio 2010\Projects\source_code_scanner_V2\source_code_scanner_V2\Debug\link.4508.read.1.tlog
C:\Users\QIUKU1204\documents\visual studio 2010\Projects\source_code_scanner_V2\source_code_scanner_V2\Debug\link.4508.write.1.tlog
C:\Users\QIUKU1204\documents\visual studio 2010\Projects\source_code_scanner_V2\source_code_scanner_V2\Debug\link.4508-cvtres.read.1.tlog
C:\Users\QIUKU1204\documents\visual studio 2010\Projects\source_code_scanner_V2\source_code_scanner_V2\Debug\link.4508-cvtres.write.1.tlog
C:\Users\QIUKU1204\documents\visual studio 2010\Projects\source_code_scanner_V2\source_code_scanner_V2\Debug\link.5640.read.1.tlog
C:\Users\QIUKU1204\documents\visual studio 2010\Projects\source_code_scanner_V2\source_code_scanner_V2\Debug\link.5640.write.1.tlog
C:\Users\QIUKU1204\documents\visual studio 2010\Projects\source_code_scanner_V2\source_code_scanner_V2\Debug\link.5640-cvtres.read.1.tlog
C:\Users\QIUKU1204\documents\visual studio 2010\Projects\source_code_scanner_V2\source_code_scanner_V2\Debug\link.5640-cvtres.write.1.tlog
C:\Users\QIUKU1204\documents\visual studio 2010\Projects\source_code_scanner_V2\source_code_scanner_V2\Debug\link.command.1.tlog
C:\Users\QIUKU1204\documents\visual studio 2010\Projects\source_code_scanner_V2\source_code_scanner_V2\Debug\link.read.1.tlog
C:\Users\QIUKU1204\documents\visual studio 2010\Projects\source_code_scanner_V2\source_code_scanner_V2\Debug\link.write.1.tlog
C:\Users\QIUKU1204\documents\visual studio 2010\Projects\source_code_scanner_V2\source_code_scanner_V2\Debug\link-cvtres.read.1.tlog
C:\Users\QIUKU1204\documents\visual studio 2010\Projects\source_code_scanner_V2\source_code_scanner_V2\Debug\link-cvtres.write.1.tlog
C:\Users\QIUKU1204\documents\visual studio 2010\Projects\source_code_scanner_V2\source_code_scanner_V2\Debug\mt.command.1.tlog
C:\Users\QIUKU1204\documents\visual studio 2010\Projects\source_code_scanner_V2\source_code_scanner_V2\Debug\mt.read.1.tlog
C:\Users\QIUKU1204\documents\visual studio 2010\Projects\source_code_scanner_V2\source_code_scanner_V2\Debug\mt.write.1.tlog
C:\Users\QIUKU1204\documents\visual studio 2010\Projects\source_code_scanner_V2\source_code_scanner_V2\Debug\rc.command.1.tlog
C:\Users\QIUKU1204\documents\visual studio 2010\Projects\source_code_scanner_V2\source_code_scanner_V2\Debug\rc.read.1.tlog
C:\Users\QIUKU1204\documents\visual studio 2010\Projects\source_code_scanner_V2\source_code_scanner_V2\Debug\rc.write.1.tlog
C:\USERS\QIUKU1204\DOCUMENTS\VISUAL STUDIO 2010\PROJECTS\SOURCE_CODE_SCANNER_V2\SOURCE_CODE_SCANNER_V2\DEBUG\SOURCE_CODE_SCANNER_V2.EXE.EMBED.MANIFEST
C:\USERS\QIUKU1204\DOCUMENTS\VISUAL STUDIO 2010\PROJECTS\SOURCE_CODE_SCANNER_V2\SOURCE_CODE_SCANNER_V2\DEBUG\SOURCE_CODE_SCANNER_V2.EXE.EMBED.MANIFEST.RES
C:\USERS\QIUKU1204\DOCUMENTS\VISUAL STUDIO 2010\PROJECTS\SOURCE_CODE_SCANNER_V2\SOURCE_CODE_SCANNER_V2\DEBUG\SOURCE_CODE_SCANNER_V2.EXE.INTERMEDIATE.MANIFEST
C:\USERS\QIUKU1204\DOCUMENTS\VISUAL STUDIO 2010\PROJECTS\SOURCE_CODE_SCANNER_V2\SOURCE_CODE_SCANNER_V2\DEBUG\SOURCE_CODE_SCANNER_V2.OBJ
C:\USERS\QIUKU1204\DOCUMENTS\VISUAL STUDIO 2010\PROJECTS\SOURCE_CODE_SCANNER_V2\SOURCE_CODE_SCANNER_V2\DEBUG\SOURCE_CODE_SCANNER_V2.PCH
C:\USERS\QIUKU1204\DOCUMENTS\VISUAL STUDIO 2010\PROJECTS\SOURCE_CODE_SCANNER_V2\SOURCE_CODE_SCANNER_V2\DEBUG\SOURCE_CODE_SCANNER_V2.RES
C:\Users\QIUKU1204\documents\visual studio 2010\Projects\source_code_scanner_V2\source_code_scanner_V2\Debug\source_code_scanner_V2.vcxprojResolveAssemblyReference.cache
C:\Users\QIUKU1204\documents\visual studio 2010\Projects\source_code_scanner_V2\source_code_scanner_V2\Debug\source_code_scanner_V2.write.1.tlog
C:\Users\QIUKU1204\documents\visual studio 2010\Projects\source_code_scanner_V2\source_code_scanner_V2\Debug\source_code_scanner_V2_manifest.rc
C:\USERS\QIUKU1204\DOCUMENTS\VISUAL STUDIO 2010\PROJECTS\SOURCE_CODE_SCANNER_V2\SOURCE_CODE_SCANNER_V2\DEBUG\SOURCE_CODE_SCANNER_V2DLG.OBJ
C:\USERS\QIUKU1204\DOCUMENTS\VISUAL STUDIO 2010\PROJECTS\SOURCE_CODE_SCANNER_V2\SOURCE_CODE_SCANNER_V2\DEBUG\SRC_CODE_SCANNER.OBJ
C:\USERS\QIUKU1204\DOCUMENTS\VISUAL STUDIO 2010\PROJECTS\SOURCE_CODE_SCANNER_V2\SOURCE_CODE_SCANNER_V2\DEBUG\STDAFX.OBJ
C:\Users\QIUKU1204\documents\visual studio 2010\Projects\source_code_scanner_V2\source_code_scanner_V2\Debug\vc100.idb
C:\USERS\QIUKU1204\DOCUMENTS\VISUAL STUDIO 2010\PROJECTS\SOURCE_CODE_SCANNER_V2\SOURCE_CODE_SCANNER_V2\DEBUG\VC100.PDB
C:\USERS\QIUKU1204\DOCUMENTS\VISUAL STUDIO 2010\PROJECTS\SOURCE_CODE_SCANNER_V2\SOURCE_CODE_SCANNER_V2\DEBUG\WORD_API.OBJ
