C:\USERS\QIUKU1204\DOCUMENTS\VISUAL STUDIO 2010\PROJECTS\SOURCE_CODE_SCANNER_V2\RELEASE\SOURCE_CODE_SCANNER_V2.EXE
C:\Users\QIUKU1204\documents\visual studio 2010\Projects\source_code_scanner_V2\Release\source_code_scanner_V2.exp
C:\Users\QIUKU1204\documents\visual studio 2010\Projects\source_code_scanner_V2\Release\source_code_scanner_V2.lib
C:\Users\QIUKU1204\documents\visual studio 2010\Projects\source_code_scanner_V2\Release\source_code_scanner_V2.pdb
C:\Users\QIUKU1204\documents\visual studio 2010\Projects\source_code_scanner_V2\source_code_scanner_V2\Release\cl.command.1.tlog
C:\Users\QIUKU1204\documents\visual studio 2010\Projects\source_code_scanner_V2\source_code_scanner_V2\Release\CL.read.1.tlog
C:\Users\QIUKU1204\documents\visual studio 2010\Projects\source_code_scanner_V2\source_code_scanner_V2\Release\CL.write.1.tlog
C:\Users\QIUKU1204\documents\visual studio 2010\Projects\source_code_scanner_V2\source_code_scanner_V2\Release\link.command.1.tlog
C:\Users\QIUKU1204\documents\visual studio 2010\Projects\source_code_scanner_V2\source_code_scanner_V2\Release\link.read.1.tlog
C:\Users\QIUKU1204\documents\visual studio 2010\Projects\source_code_scanner_V2\source_code_scanner_V2\Release\link.write.1.tlog
C:\Users\QIUKU1204\documents\visual studio 2010\Projects\source_code_scanner_V2\source_code_scanner_V2\Release\link-cvtres.read.1.tlog
C:\Users\QIUKU1204\documents\visual studio 2010\Projects\source_code_scanner_V2\source_code_scanner_V2\Release\link-cvtres.write.1.tlog
C:\Users\QIUKU1204\documents\visual studio 2010\Projects\source_code_scanner_V2\source_code_scanner_V2\Release\mt.command.1.tlog
C:\Users\QIUKU1204\documents\visual studio 2010\Projects\source_code_scanner_V2\source_code_scanner_V2\Release\mt.read.1.tlog
C:\Users\QIUKU1204\documents\visual studio 2010\Projects\source_code_scanner_V2\source_code_scanner_V2\Release\mt.write.1.tlog
C:\Users\QIUKU1204\documents\visual studio 2010\Projects\source_code_scanner_V2\source_code_scanner_V2\Release\rc.command.1.tlog
C:\Users\QIUKU1204\documents\visual studio 2010\Projects\source_code_scanner_V2\source_code_scanner_V2\Release\rc.read.1.tlog
C:\Users\QIUKU1204\documents\visual studio 2010\Projects\source_code_scanner_V2\source_code_scanner_V2\Release\rc.write.1.tlog
C:\Users\QIUKU1204\documents\visual studio 2010\Projects\source_code_scanner_V2\source_code_scanner_V2\Release\source_code_scanner_V2.exe.intermediate.manifest
C:\USERS\QIUKU1204\DOCUMENTS\VISUAL STUDIO 2010\PROJECTS\SOURCE_CODE_SCANNER_V2\SOURCE_CODE_SCANNER_V2\RELEASE\SOURCE_CODE_SCANNER_V2.OBJ
C:\USERS\QIUKU1204\DOCUMENTS\VISUAL STUDIO 2010\PROJECTS\SOURCE_CODE_SCANNER_V2\SOURCE_CODE_SCANNER_V2\RELEASE\SOURCE_CODE_SCANNER_V2.PCH
C:\USERS\QIUKU1204\DOCUMENTS\VISUAL STUDIO 2010\PROJECTS\SOURCE_CODE_SCANNER_V2\SOURCE_CODE_SCANNER_V2\RELEASE\SOURCE_CODE_SCANNER_V2.RES
C:\Users\QIUKU1204\documents\visual studio 2010\Projects\source_code_scanner_V2\source_code_scanner_V2\Release\source_code_scanner_V2.vcxprojResolveAssemblyReference.cache
C:\Users\QIUKU1204\documents\visual studio 2010\Projects\source_code_scanner_V2\source_code_scanner_V2\Release\source_code_scanner_V2.write.1.tlog
C:\USERS\QIUKU1204\DOCUMENTS\VISUAL STUDIO 2010\PROJECTS\SOURCE_CODE_SCANNER_V2\SOURCE_CODE_SCANNER_V2\RELEASE\SOURCE_CODE_SCANNER_V2DLG.OBJ
C:\USERS\QIUKU1204\DOCUMENTS\VISUAL STUDIO 2010\PROJECTS\SOURCE_CODE_SCANNER_V2\SOURCE_CODE_SCANNER_V2\RELEASE\SRC_CODE_SCANNER.OBJ
C:\USERS\QIUKU1204\DOCUMENTS\VISUAL STUDIO 2010\PROJECTS\SOURCE_CODE_SCANNER_V2\SOURCE_CODE_SCANNER_V2\RELEASE\STDAFX.OBJ
C:\USERS\QIUKU1204\DOCUMENTS\VISUAL STUDIO 2010\PROJECTS\SOURCE_CODE_SCANNER_V2\SOURCE_CODE_SCANNER_V2\RELEASE\VC100.PDB
C:\USERS\QIUKU1204\DOCUMENTS\VISUAL STUDIO 2010\PROJECTS\SOURCE_CODE_SCANNER_V2\SOURCE_CODE_SCANNER_V2\RELEASE\WORD_API.OBJ
