生成启动时间为 2018/8/19 12:56:13。
     1>项目“D:\我的文档\Documents\Visual Studio 2010\Projects\source_code_scanner_V3\source_code_scanner_V2\source_code_scanner_V2.vcxproj”在节点 2 上(build 个目标)。
     1>InitializeBuildStatus:
         正在创建“Debug\source_code_scanner_V2.unsuccessfulbuild”，因为已指定“AlwaysCreate”。
       ClCompile:
         所有输出均为最新。
         所有输出均为最新。
       ResourceCompile:
         所有输出均为最新。
       ManifestResourceCompile:
         所有输出均为最新。
       Link:
         所有输出均为最新。
       Manifest:
         C:\Program Files (x86)\Microsoft SDKs\Windows\v7.0A\bin\mt.exe /nologo /verbose /out:"Debug\source_code_scanner_V2.exe.embed.manifest" /manifest Debug\source_code_scanner_V2.exe.intermediate.manifest "C:\Program Files (x86)\Microsoft Visual Studio 10.0\VC\Include\Manifest\dpiaware.manifest"
         所有输出均为最新。
       FinalizeBuildStatus:
         正在删除文件“Debug\source_code_scanner_V2.unsuccessfulbuild”。
         正在对“Debug\source_code_scanner_V2.lastbuildstate”执行 Touch 任务。
     1>已完成生成项目“D:\我的文档\Documents\Visual Studio 2010\Projects\source_code_scanner_V3\source_code_scanner_V2\source_code_scanner_V2.vcxproj”(build 个目标)的操作。

生成成功。

已用时间 00:00:00.13
