D:\我的文档\DOCUMENTS\VISUAL STUDIO 2010\PROJECTS\SOURCE_CODE_SCANNER_V3\DEBUG\SOURCE_CODE_SCANNER_V2.EXE
D:\我的文档\Documents\Visual Studio 2010\Projects\source_code_scanner_V3\Debug\source_code_scanner_V2.exp
D:\我的文档\DOCUMENTS\VISUAL STUDIO 2010\PROJECTS\SOURCE_CODE_SCANNER_V3\DEBUG\SOURCE_CODE_SCANNER_V2.ILK
D:\我的文档\Documents\Visual Studio 2010\Projects\source_code_scanner_V3\Debug\source_code_scanner_V2.lib
D:\我的文档\DOCUMENTS\VISUAL STUDIO 2010\PROJECTS\SOURCE_CODE_SCANNER_V3\DEBUG\SOURCE_CODE_SCANNER_V2.PDB
D:\我的文档\Documents\Visual Studio 2010\Projects\source_code_scanner_V3\source_code_scanner_V2\Debug\cl.command.1.tlog
D:\我的文档\Documents\Visual Studio 2010\Projects\source_code_scanner_V3\source_code_scanner_V2\Debug\CL.read.1.tlog
D:\我的文档\Documents\Visual Studio 2010\Projects\source_code_scanner_V3\source_code_scanner_V2\Debug\CL.write.1.tlog
D:\我的文档\Documents\Visual Studio 2010\Projects\source_code_scanner_V3\source_code_scanner_V2\Debug\link.1228.read.1.tlog
D:\我的文档\Documents\Visual Studio 2010\Projects\source_code_scanner_V3\source_code_scanner_V2\Debug\link.1228.write.1.tlog
D:\我的文档\Documents\Visual Studio 2010\Projects\source_code_scanner_V3\source_code_scanner_V2\Debug\link.1228-cvtres.read.1.tlog
D:\我的文档\Documents\Visual Studio 2010\Projects\source_code_scanner_V3\source_code_scanner_V2\Debug\link.1228-cvtres.write.1.tlog
D:\我的文档\Documents\Visual Studio 2010\Projects\source_code_scanner_V3\source_code_scanner_V2\Debug\link.12932.read.1.tlog
D:\我的文档\Documents\Visual Studio 2010\Projects\source_code_scanner_V3\source_code_scanner_V2\Debug\link.12932.write.1.tlog
D:\我的文档\Documents\Visual Studio 2010\Projects\source_code_scanner_V3\source_code_scanner_V2\Debug\link.12932-cvtres.read.1.tlog
D:\我的文档\Documents\Visual Studio 2010\Projects\source_code_scanner_V3\source_code_scanner_V2\Debug\link.12932-cvtres.write.1.tlog
D:\我的文档\Documents\Visual Studio 2010\Projects\source_code_scanner_V3\source_code_scanner_V2\Debug\link.1640.read.1.tlog
D:\我的文档\Documents\Visual Studio 2010\Projects\source_code_scanner_V3\source_code_scanner_V2\Debug\link.1640.write.1.tlog
D:\我的文档\Documents\Visual Studio 2010\Projects\source_code_scanner_V3\source_code_scanner_V2\Debug\link.1640-cvtres.read.1.tlog
D:\我的文档\Documents\Visual Studio 2010\Projects\source_code_scanner_V3\source_code_scanner_V2\Debug\link.1640-cvtres.write.1.tlog
D:\我的文档\Documents\Visual Studio 2010\Projects\source_code_scanner_V3\source_code_scanner_V2\Debug\link.17188.read.1.tlog
D:\我的文档\Documents\Visual Studio 2010\Projects\source_code_scanner_V3\source_code_scanner_V2\Debug\link.17188.write.1.tlog
D:\我的文档\Documents\Visual Studio 2010\Projects\source_code_scanner_V3\source_code_scanner_V2\Debug\link.17188-cvtres.read.1.tlog
D:\我的文档\Documents\Visual Studio 2010\Projects\source_code_scanner_V3\source_code_scanner_V2\Debug\link.17188-cvtres.write.1.tlog
D:\我的文档\Documents\Visual Studio 2010\Projects\source_code_scanner_V3\source_code_scanner_V2\Debug\link.command.1.tlog
D:\我的文档\Documents\Visual Studio 2010\Projects\source_code_scanner_V3\source_code_scanner_V2\Debug\link.read.1.tlog
D:\我的文档\Documents\Visual Studio 2010\Projects\source_code_scanner_V3\source_code_scanner_V2\Debug\link.write.1.tlog
D:\我的文档\Documents\Visual Studio 2010\Projects\source_code_scanner_V3\source_code_scanner_V2\Debug\link-cvtres.read.1.tlog
D:\我的文档\Documents\Visual Studio 2010\Projects\source_code_scanner_V3\source_code_scanner_V2\Debug\link-cvtres.write.1.tlog
D:\我的文档\Documents\Visual Studio 2010\Projects\source_code_scanner_V3\source_code_scanner_V2\Debug\mt.command.1.tlog
D:\我的文档\Documents\Visual Studio 2010\Projects\source_code_scanner_V3\source_code_scanner_V2\Debug\mt.read.1.tlog
D:\我的文档\Documents\Visual Studio 2010\Projects\source_code_scanner_V3\source_code_scanner_V2\Debug\mt.write.1.tlog
D:\我的文档\Documents\Visual Studio 2010\Projects\source_code_scanner_V3\source_code_scanner_V2\Debug\rc.command.1.tlog
D:\我的文档\Documents\Visual Studio 2010\Projects\source_code_scanner_V3\source_code_scanner_V2\Debug\rc.read.1.tlog
D:\我的文档\Documents\Visual Studio 2010\Projects\source_code_scanner_V3\source_code_scanner_V2\Debug\rc.write.1.tlog
D:\我的文档\DOCUMENTS\VISUAL STUDIO 2010\PROJECTS\SOURCE_CODE_SCANNER_V3\SOURCE_CODE_SCANNER_V2\DEBUG\SOURCE_CODE_SCANNER_V2.EXE.EMBED.MANIFEST
D:\我的文档\DOCUMENTS\VISUAL STUDIO 2010\PROJECTS\SOURCE_CODE_SCANNER_V3\SOURCE_CODE_SCANNER_V2\DEBUG\SOURCE_CODE_SCANNER_V2.EXE.EMBED.MANIFEST.RES
D:\我的文档\DOCUMENTS\VISUAL STUDIO 2010\PROJECTS\SOURCE_CODE_SCANNER_V3\SOURCE_CODE_SCANNER_V2\DEBUG\SOURCE_CODE_SCANNER_V2.EXE.INTERMEDIATE.MANIFEST
D:\我的文档\DOCUMENTS\VISUAL STUDIO 2010\PROJECTS\SOURCE_CODE_SCANNER_V3\SOURCE_CODE_SCANNER_V2\DEBUG\SOURCE_CODE_SCANNER_V2.OBJ
D:\我的文档\DOCUMENTS\VISUAL STUDIO 2010\PROJECTS\SOURCE_CODE_SCANNER_V3\SOURCE_CODE_SCANNER_V2\DEBUG\SOURCE_CODE_SCANNER_V2.PCH
D:\我的文档\DOCUMENTS\VISUAL STUDIO 2010\PROJECTS\SOURCE_CODE_SCANNER_V3\SOURCE_CODE_SCANNER_V2\DEBUG\SOURCE_CODE_SCANNER_V2.RES
D:\我的文档\Documents\Visual Studio 2010\Projects\source_code_scanner_V3\source_code_scanner_V2\Debug\source_code_scanner_V2.vcxprojResolveAssemblyReference.cache
D:\我的文档\Documents\Visual Studio 2010\Projects\source_code_scanner_V3\source_code_scanner_V2\Debug\source_code_scanner_V2.write.1.tlog
D:\我的文档\Documents\Visual Studio 2010\Projects\source_code_scanner_V3\source_code_scanner_V2\Debug\source_code_scanner_V2_manifest.rc
D:\我的文档\DOCUMENTS\VISUAL STUDIO 2010\PROJECTS\SOURCE_CODE_SCANNER_V3\SOURCE_CODE_SCANNER_V2\DEBUG\SOURCE_CODE_SCANNER_V2DLG.OBJ
D:\我的文档\DOCUMENTS\VISUAL STUDIO 2010\PROJECTS\SOURCE_CODE_SCANNER_V3\SOURCE_CODE_SCANNER_V2\DEBUG\SRC_CODE_SCANNER.OBJ
D:\我的文档\DOCUMENTS\VISUAL STUDIO 2010\PROJECTS\SOURCE_CODE_SCANNER_V3\SOURCE_CODE_SCANNER_V2\DEBUG\STDAFX.OBJ
D:\我的文档\Documents\Visual Studio 2010\Projects\source_code_scanner_V3\source_code_scanner_V2\Debug\vc100.idb
D:\我的文档\DOCUMENTS\VISUAL STUDIO 2010\PROJECTS\SOURCE_CODE_SCANNER_V3\SOURCE_CODE_SCANNER_V2\DEBUG\VC100.PDB
D:\我的文档\DOCUMENTS\VISUAL STUDIO 2010\PROJECTS\SOURCE_CODE_SCANNER_V3\SOURCE_CODE_SCANNER_V2\DEBUG\WORD_API.OBJ
