C:\doc\doc.h\examples1.h 匹配提取类块成功 2018-8-13  10:15:33;
C:\doc\doc.h\examples1.h 匹配提取类块成功 2018-8-13  10:17:51;
C:\doc\doc.h\examples1.h 匹配提取类块成功 2018-8-13  10:18:2;
C:\doc\doc.h\examples1.h 匹配提取类块成功 2018-8-13  10:21:56;
C:\doc\doc.h\ugxplotmanager.h 匹配提取类块成功 2018-8-13  10:21:57;
C:\doc\doc.h\ugxplotmanager.doc 匹配提取类块失败 2018-8-13  10:25:2;
C:\doc\doc.h\ugxplotmanager.h 匹配提取类块成功 2018-8-13  10:25:27;
C:\doc\doc.h\ugxplotmanager.h 匹配提取类块成功 2018-8-13  10:25:40;
C:\doc\doc.h\ugxplotmanager.h 匹配提取类块成功 2018-8-13  10:27:45;
C:\doc\doc.h\ugxplotmanager.h 匹配提取类块成功 2018-8-13  10:32:49;
C:\doc\doc.h\ugxplotmanager.doc 匹配提取类块失败 2018-8-13  10:39:12;
C:\doc\doc.h\ugxplotmanager.h 匹配提取类块成功 2018-8-13  10:39:29;
C:\doc\doc.h\ugxplotmanager.h 匹配提取类块成功 2018-8-13  10:39:56;
C:\doc\doc.h\ugxplotmanager.h 匹配提取类块成功 2018-8-13  10:40:18;
C:\doc\doc.h\ugxplotmanager.h 匹配提取类块成功 2018-8-13  10:41:0;
C:\doc\doc.h\ugxplotmanager.h 匹配提取类块成功 2018-8-13  10:45:26;
C:\doc\doc.h\ugxplotmanager.h 匹配提取类块成功 2018-8-13  10:48:56;
C:\doc\doc.h\ugxplotmanager.h 匹配提取类块成功 2018-8-13  10:49:22;
C:\doc\examples1.h 匹配提取类块成功 2018-8-13  11:10:11;
C:\doc\ugxplotmanager\ugxplotmanager.h 匹配提取类块成功 2018-8-17  16:50:56;
C:\doc\examples1.h 匹配提取类块成功 2018-8-19  12:28:56;
C:\doc\examples1.h 匹配提取类块成功 2018-8-19  12:30:59;
C:\doc\examples1.h 匹配提取类块成功 2018-8-19  12:32:8;
C:\doc\examples1.h 匹配提取类块成功 2018-8-19  12:34:9;
C:\doc\examples1.h 匹配提取类块成功 2018-8-19  12:35:42;
C:\doc\examples1.h 匹配提取类块成功 2018-8-19  12:37:14;
C:\doc\examples1.h 匹配提取类块成功 2018-8-19  12:38:25;
C:\doc\examples1.h 匹配提取类块成功 2018-8-19  12:40:16;
C:\doc\examples1.h 匹配提取类块成功 2018-8-19  12:42:30;
C:\doc\examples1.h 匹配提取类块成功 2018-8-19  12:43:21;
C:\doc\examples1.h 匹配提取类块成功 2018-8-19  12:44:22;
C:\doc\examples1.h 匹配提取类块成功 2018-8-19  12:45:41;
C:\doc\examples1.h 匹配提取类块成功 2018-8-19  12:46:57;
C:\doc\examples1.doc 匹配提取类块失败 2018-8-19  12:48:27;
C:\doc\examples1.h 匹配提取类块成功 2018-8-19  12:48:49;
C:\doc\examples1.h 匹配提取类块成功 2018-8-19  12:49:4;
C:\doc\examples1.h 匹配提取类块成功 2018-8-19  12:50:57;
C:\doc\examples1.h 匹配提取类块成功 2018-8-19  12:52:3;
C:\doc\examples1.h 匹配提取类块成功 2018-8-19  12:52:31;
C:\doc\examples1.h 匹配提取类块成功 2018-8-19  12:54:21;
C:\doc\ugxplotmanager\ugxplotmanager.h 匹配提取类块成功 2018-8-19  12:56:27;
<<<<<<< HEAD
<<<<<<< HEAD
C:\doc\examples2.h 匹配提取类块成功 2018-8-21  9:29:11;
C:\doc\examples1.h 匹配提取类块成功 2018-8-21  9:36:38;
=======
=======
>>>>>>> 74da165cea6e44f1113e0462405bf30cecccb183
C:\doc\ugxplotmanager.h 匹配提取类块成功 2018-8-20  20:33:7;
C:\doc\ugxplotmanager.h 匹配提取类块成功 2018-8-20  20:35:52;
C:\doc\ugxplotmanager.h 匹配提取类块成功 2018-8-20  20:40:24;
C:\doc\ugxplotmanager.h 匹配提取类块成功 2018-8-20  20:45:13;
C:\doc\examples1.h 匹配提取类块成功 2018-8-20  21:6:28;
C:\doc\examples1.h 匹配提取类块成功 2018-8-20  21:11:16;
C:\doc\examples1.h 匹配提取类块成功 2018-8-20  21:12:55;
C:\doc\examples1.h 匹配提取类块成功 2018-8-20  21:13:28;
C:\doc\examples1.h 匹配提取类块成功 2018-8-20  21:14:6;
C:\doc\examples1.h 匹配提取类块成功 2018-8-20  21:14:44;
C:\doc\examples2 匹配提取类块成功 2018-8-20  21:21:0;
<<<<<<< HEAD
>>>>>>> 74da165cea6e44f1113e0462405bf30cecccb183
=======
>>>>>>> 74da165cea6e44f1113e0462405bf30cecccb183
